<?xml version="1.0" encoding="UTF-8"?>
<!-- Generated by org.testng.reporters.JUnitReportReporter -->
<testsuite hostname="DESKTOP-EVL1Q7J" failures="0" tests="3" name="com.qa.Testcases.LoginPageTest" time="14.356" errors="0" timestamp="2023-03-23T18:30:16 IST" skipped="0">
  <testcase classname="com.qa.Testcases.LoginPageTest" name="LoginPageTitleTest" time="0.022"/>
  <system-out/>
  <testcase classname="com.qa.Testcases.LoginPageTest" name="CrmImageTest" time="0.054"/>
  <system-out/>
  <testcase classname="com.qa.Testcases.LoginPageTest" name="ValidateloginTest" time="14.280"/>
  <system-out/>
</testsuite> <!-- com.qa.Testcases.LoginPageTest -->
