<?xml version="1.0" encoding="UTF-8"?>
<!-- Generated by org.testng.reporters.JUnitReportReporter -->
<testsuite skipped="0" hostname="DESKTOP-EVL1Q7J" name="com.qa.Testcases.LoginPageTest" tests="3" failures="0" timestamp="2023-05-13T01:01:49 IST" time="11.827" errors="0">
  <testcase name="LoginPageTitleTest" time="0.017" classname="com.qa.Testcases.LoginPageTest"/>
  <system-out/>
  <testcase name="CrmImageTest" time="0.066" classname="com.qa.Testcases.LoginPageTest"/>
  <system-out/>
  <testcase name="ValidateloginTest" time="11.744" classname="com.qa.Testcases.LoginPageTest"/>
  <system-out/>
</testsuite> <!-- com.qa.Testcases.LoginPageTest -->
