<?xml version="1.0" encoding="UTF-8"?>
<!-- Generated by org.testng.reporters.JUnitReportReporter -->
<testsuite skipped="0" hostname="DESKTOP-EVL1Q7J" name="com.qa.Testcases.HomePageTest" tests="3" failures="0" timestamp="2023-05-13T01:01:49 IST" time="3.321" errors="0">
  <testcase name="HomePageTittleTest" time="0.009" classname="com.qa.Testcases.HomePageTest"/>
  <system-out/>
  <testcase name="VerfiyUserName" time="0.083" classname="com.qa.Testcases.HomePageTest"/>
  <system-out/>
  <testcase name="clickOnContextLinkTest" time="3.229" classname="com.qa.Testcases.HomePageTest"/>
  <system-out/>
</testsuite> <!-- com.qa.Testcases.HomePageTest -->
