<?xml version="1.0" encoding="UTF-8"?>
<!-- Generated by org.testng.reporters.JUnitReportReporter -->
<testsuite hostname="DESKTOP-EVL1Q7J" failures="0" tests="2" name="com.qa.Testcases.ContactPageTest" time="46.337" errors="0" timestamp="2023-03-27T11:27:55 IST" skipped="1">
  <testcase classname="com.qa.Testcases.ContactPageTest" name="VerifyContactLabel" time="46.337"/>
  <system-out/>
  <testcase classname="com.qa.Testcases.ContactPageTest" name="ValidateCreateNewContact">
    <skipped/>
  </testcase> <!-- ValidateCreateNewContact -->
  <system-out/>
</testsuite> <!-- com.qa.Testcases.ContactPageTest -->
