<?xml version="1.0" encoding="UTF-8"?>
<!-- Generated by org.testng.reporters.JUnitReportReporter -->
<testsuite hostname="DESKTOP-EVL1Q7J" failures="0" tests="3" name="com.qa.Testcases.HomePageTest" time="6.833" errors="0" timestamp="2023-03-23T18:30:16 IST" skipped="0">
  <testcase classname="com.qa.Testcases.HomePageTest" name="HomePageTittleTest" time="0.017"/>
  <system-out/>
  <testcase classname="com.qa.Testcases.HomePageTest" name="VerfiyUserName" time="0.072"/>
  <system-out/>
  <testcase classname="com.qa.Testcases.HomePageTest" name="clickOnContextLinkTest" time="6.744"/>
  <system-out/>
</testsuite> <!-- com.qa.Testcases.HomePageTest -->
