<?xml version="1.0" encoding="UTF-8"?>
<!-- Generated by org.testng.reporters.JUnitReportReporter -->
<testsuite skipped="1" hostname="DESKTOP-EVL1Q7J" name="com.qa.Testcases.ContactPageTest" tests="3" failures="0" timestamp="2023-07-11T12:49:46 IST" time="54.075" errors="0">
  <testcase name="VerifyContactLabel" time="25.464" classname="com.qa.Testcases.ContactPageTest"/>
  <system-out/>
  <testcase name="SelectCheckBox" time="28.611" classname="com.qa.Testcases.ContactPageTest"/>
  <system-out/>
  <testcase name="ValidateCreateNewContact" classname="com.qa.Testcases.ContactPageTest">
    <skipped/>
  </testcase> <!-- ValidateCreateNewContact -->
  <system-out/>
</testsuite> <!-- com.qa.Testcases.ContactPageTest -->
